[11-04-2020 19:40:13] function LEAccount __construct:
No account found, attempting to create account.

[11-04-2020 19:40:17] function LEClient __construct:
LEClient finished constructing

[11-04-2020 19:40:17] function LEOrder __construct:
No order found for 'tribie.in'. Creating new order.

[11-04-2020 19:40:21] function createOrder (function LEOrder __construct):
Created order for 'tribie.in'.

[11-04-2020 19:40:27] function LEClient __construct:
LEClient finished constructing

[11-04-2020 19:40:34] function LEClient __construct:
LEClient finished constructing

[11-04-2020 19:40:51] function LEClient __construct:
LEClient finished constructing

[11-04-2020 19:40:58] function LEClient __construct:
LEClient finished constructing

[11-04-2020 19:41:01] function verifyPendingOrderAuthorization:
HTTP challenge for 'tribie.in' tested locally, found invalid.

[11-04-2020 19:41:06] function LEClient __construct:
LEClient finished constructing

[11-04-2020 19:42:47] function LEClient __construct:
LEClient finished constructing

[11-04-2020 19:43:12] function LEClient __construct:
LEClient finished constructing

[11-04-2020 19:45:39] function LEClient __construct:
LEClient finished constructing

[11-04-2020 19:45:45] function LEClient __construct:
LEClient finished constructing

[11-04-2020 19:45:49] function verifyPendingOrderAuthorization:
HTTP challenge for 'tribie.in' valid.

[11-04-2020 19:45:55] function LEClient __construct:
LEClient finished constructing

[11-04-2020 19:46:07] function LEClient __construct:
LEClient finished constructing

[11-04-2020 19:46:13] function LEClient __construct:
LEClient finished constructing

[11-04-2020 19:46:18] function finalizeOrder:
Order for 'tribie.in' finalized.

[11-04-2020 19:46:22] function LEClient __construct:
LEClient finished constructing

[11-04-2020 19:46:26] function getCertificate:
Certificate for 'tribie.in' saved

[17-07-2020 16:58:46] function LEAccount __construct:
No account found, attempting to create account.

[17-07-2020 16:58:49] function LEClient __construct:
LEClient finished constructing

[17-07-2020 16:58:49] function LEOrder __construct:
No order found for 'tribie.in'. Creating new order.

[17-07-2020 16:58:53] function createOrder (function LEOrder __construct):
Created order for 'tribie.in'.

[17-07-2020 16:58:58] function LEClient __construct:
LEClient finished constructing

[17-07-2020 16:59:49] function LEClient __construct:
LEClient finished constructing

[17-07-2020 16:59:58] function LEClient __construct:
LEClient finished constructing

[17-07-2020 17:00:06] function LEClient __construct:
LEClient finished constructing

[18-07-2020 08:04:06] function LEClient __construct:
LEClient finished constructing

[18-07-2020 08:04:13] function LEClient __construct:
LEClient finished constructing

[18-07-2020 09:12:04] function LEClient __construct:
LEClient finished constructing

[18-07-2020 09:12:11] function LEClient __construct:
LEClient finished constructing

[18-07-2020 09:18:10] function LEClient __construct:
LEClient finished constructing

[18-07-2020 09:18:17] function LEClient __construct:
LEClient finished constructing

[18-07-2020 19:04:21] function LEClient __construct:
LEClient finished constructing

[18-07-2020 19:04:28] function LEClient __construct:
LEClient finished constructing

[18-07-2020 19:06:28] function LEAccount __construct:
No account found, attempting to create account.

[18-07-2020 19:06:31] function LEClient __construct:
LEClient finished constructing

[18-07-2020 19:06:31] function LEOrder __construct:
No order found for 'tribie.in'. Creating new order.

[18-07-2020 19:06:34] function createOrder (function LEOrder __construct):
Created order for 'tribie.in'.

[18-07-2020 19:06:39] function LEClient __construct:
LEClient finished constructing

[18-07-2020 19:07:58] function LEClient __construct:
LEClient finished constructing

[18-07-2020 19:08:07] function LEClient __construct:
LEClient finished constructing

[18-07-2020 19:08:14] function LEClient __construct:
LEClient finished constructing

[18-07-2020 19:16:28] function LEClient __construct:
LEClient finished constructing

[18-07-2020 19:16:35] function LEClient __construct:
LEClient finished constructing

[18-07-2020 19:16:39] function verifyPendingOrderAuthorization:
HTTP challenge for 'tribie.in' tested locally, found invalid.

[18-07-2020 19:16:43] function LEClient __construct:
LEClient finished constructing

[18-07-2020 19:17:16] function LEClient __construct:
LEClient finished constructing

[18-07-2020 19:17:23] function LEClient __construct:
LEClient finished constructing

[18-07-2020 19:17:26] function verifyPendingOrderAuthorization:
DNS challenge for 'tribie.in' tested locally, found invalid.

[18-07-2020 19:17:31] function LEClient __construct:
LEClient finished constructing

[18-07-2020 19:20:00] function LEClient __construct:
LEClient finished constructing

[18-07-2020 19:20:13] function LEClient __construct:
LEClient finished constructing

[18-07-2020 19:20:20] function LEClient __construct:
LEClient finished constructing

[18-07-2020 19:20:24] function verifyPendingOrderAuthorization:
HTTP challenge for 'tribie.in' tested locally, found invalid.

[18-07-2020 19:20:28] function LEClient __construct:
LEClient finished constructing

[18-07-2020 19:21:39] function LEClient __construct:
LEClient finished constructing

[18-07-2020 19:21:46] function LEClient __construct:
LEClient finished constructing

[18-07-2020 19:21:50] function verifyPendingOrderAuthorization:
HTTP challenge for 'tribie.in' valid.

[18-07-2020 19:21:57] function LEClient __construct:
LEClient finished constructing

[18-07-2020 19:22:09] function LEClient __construct:
LEClient finished constructing

[18-07-2020 19:22:16] function LEClient __construct:
LEClient finished constructing

[18-07-2020 19:22:21] function finalizeOrder:
Order for 'tribie.in' finalized.

[18-07-2020 19:22:26] function LEClient __construct:
LEClient finished constructing

[18-07-2020 19:22:31] function getCertificate:
Certificate for 'tribie.in' saved

[19-07-2020 07:47:44] function LEAccount __construct:
No account found, attempting to create account.

[19-07-2020 07:47:47] function LEClient __construct:
LEClient finished constructing

[19-07-2020 07:47:47] function LEOrder __construct:
No order found for 'tribie.in'. Creating new order.

[19-07-2020 07:47:50] function createOrder (function LEOrder __construct):
Created order for 'tribie.in'.

[19-07-2020 07:47:55] function LEClient __construct:
LEClient finished constructing

[19-07-2020 07:54:54] function LEClient __construct:
LEClient finished constructing

[19-07-2020 07:55:01] function LEClient __construct:
LEClient finished constructing

[19-07-2020 07:55:06] function verifyPendingOrderAuthorization:
HTTP challenge for 'tribie.in' tested locally, found invalid.

[19-07-2020 07:55:13] function LEClient __construct:
LEClient finished constructing

[19-07-2020 08:22:03] function LEClient __construct:
LEClient finished constructing

[19-07-2020 08:22:10] function LEClient __construct:
LEClient finished constructing

[19-07-2020 08:22:37] function LEClient __construct:
LEClient finished constructing

[19-07-2020 08:22:44] function LEClient __construct:
LEClient finished constructing

[19-07-2020 08:22:49] function verifyPendingOrderAuthorization:
HTTP challenge for 'tribie.in' tested locally, found invalid.

[19-07-2020 08:22:54] function LEClient __construct:
LEClient finished constructing

[19-07-2020 08:26:30] function LEClient __construct:
LEClient finished constructing

[19-07-2020 08:29:37] function LEClient __construct:
LEClient finished constructing

[19-07-2020 08:29:44] function LEClient __construct:
LEClient finished constructing

[19-07-2020 08:29:47] function verifyPendingOrderAuthorization:
HTTP challenge for 'tribie.in' valid.

[19-07-2020 08:29:54] function LEClient __construct:
LEClient finished constructing

[19-07-2020 08:30:07] function LEClient __construct:
LEClient finished constructing

[19-07-2020 08:30:16] function LEClient __construct:
LEClient finished constructing

[19-07-2020 08:30:22] function finalizeOrder:
Order for 'tribie.in' finalized.

[19-07-2020 08:30:26] function LEClient __construct:
LEClient finished constructing

[19-07-2020 08:30:30] function getCertificate:
Certificate for 'tribie.in' saved

